<?xml version="1.0" encoding="UTF-8"?>
<!-- Generated by org.testng.reporters.JUnitXMLReporter -->
<testsuite ignored="0" hostname="LAPTOP-KJBUO1S7" failures="0" tests="1" name="TestEdge" time="36.779" errors="0" timestamp="2021-06-27T10:47:00 IST">
  <testcase classname="com.DemoFramework.Utility.BaseClass" name="@BeforeMethod LaunchBrowser" time="36.75">
    <failure type="org.openqa.selenium.WebDriverException" message="unknown error: MSEdge failed to start: exited normally.
  (unknown error: DevToolsActivePort file doesn&amp;apos;t exist)
  (The process started from msedge location C:\Program Files (x86)\Microsoft\Edge\Application\msedge.exe is no longer running, so MSEdgeDriver is assuming that MSEdge has crashed.)
Build info: version: &amp;apos;3.141.59&amp;apos;, revision: &amp;apos;e82be7d358&amp;apos;, time: &amp;apos;2018-11-14T08:17:03&amp;apos;
System info: host: &amp;apos;LAPTOP-KJBUO1S7&amp;apos;, ip: &amp;apos;192.168.43.226&amp;apos;, os.name: &amp;apos;Windows 10&amp;apos;, os.arch: &amp;apos;amd64&amp;apos;, os.version: &amp;apos;10.0&amp;apos;, java.version: &amp;apos;15.0.1&amp;apos;
Driver info: driver.version: EdgeDriver
remote stacktrace: Backtrace:
	Ordinal0 [0x00007FF6960DA062+4431970]
	Ordinal0 [0x00007FF695D8D883+972931]
	Ordinal0 [0x00007FF695DB4A6E+1133166]
	Ordinal0 [0x00007FF695DAC7D3+1099731]
	Ordinal0 [0x00007FF695DE72B0+1340080]
	Ordinal0 [0x00007FF695DE2ECF+1322703]
	Ordinal0 [0x00007FF695DB89FA+1149434]
	Ordinal0 [0x00007FF695DB9A5F+1153631]
	Ordinal0 [0x00007FF695E4BEFD+1752829]
	Ordinal0 [0x00007FF695E4A492+1746066]
	Ordinal0 [0x00007FF695FC8F24+3313444]
	Ordinal0 [0x00007FF6960F9CF9+4562169]
	Ordinal0 [0x00007FF69609112E+4133166]
	Ordinal0 [0x00007FF696090684+4130436]
	Ordinal0 [0x00007FF6960904D5+4130005]
	Ordinal0 [0x00007FF6960AA8BF+4237503]
	BaseThreadInitThunk [0x00007FFD3C6E7034+20]
	RtlUserThreadStart [0x00007FFD3E1A2651+33]
">
      <![CDATA[org.openqa.selenium.WebDriverException: unknown error: MSEdge failed to start: exited normally.
  (unknown error: DevToolsActivePort file doesn't exist)
  (The process started from msedge location C:\Program Files (x86)\Microsoft\Edge\Application\msedge.exe is no longer running, so MSEdgeDriver is assuming that MSEdge has crashed.)
Build info: version: '3.141.59', revision: 'e82be7d358', time: '2018-11-14T08:17:03'
System info: host: 'LAPTOP-KJBUO1S7', ip: '192.168.43.226', os.name: 'Windows 10', os.arch: 'amd64', os.version: '10.0', java.version: '15.0.1'
Driver info: driver.version: EdgeDriver
remote stacktrace: Backtrace:
Ordinal0 [0x00007FF6960DA062+4431970]
Ordinal0 [0x00007FF695D8D883+972931]
Ordinal0 [0x00007FF695DB4A6E+1133166]
Ordinal0 [0x00007FF695DAC7D3+1099731]
Ordinal0 [0x00007FF695DE72B0+1340080]
Ordinal0 [0x00007FF695DE2ECF+1322703]
Ordinal0 [0x00007FF695DB89FA+1149434]
Ordinal0 [0x00007FF695DB9A5F+1153631]
Ordinal0 [0x00007FF695E4BEFD+1752829]
Ordinal0 [0x00007FF695E4A492+1746066]
Ordinal0 [0x00007FF695FC8F24+3313444]
Ordinal0 [0x00007FF6960F9CF9+4562169]
Ordinal0 [0x00007FF69609112E+4133166]
Ordinal0 [0x00007FF696090684+4130436]
Ordinal0 [0x00007FF6960904D5+4130005]
Ordinal0 [0x00007FF6960AA8BF+4237503]
BaseThreadInitThunk [0x00007FFD3C6E7034+20]
RtlUserThreadStart [0x00007FFD3E1A2651+33]

at org.openqa.selenium.remote.W3CHandshakeResponse.lambda$errorHandler$0(W3CHandshakeResponse.java:62)
at org.openqa.selenium.remote.HandshakeResponse.lambda$getResponseFunction$0(HandshakeResponse.java:30)
at org.openqa.selenium.remote.ProtocolHandshake.lambda$createSession$0(ProtocolHandshake.java:126)
at java.base/java.util.stream.ReferencePipeline$3$1.accept(ReferencePipeline.java:195)
at java.base/java.util.Spliterators$ArraySpliterator.tryAdvance(Spliterators.java:958)
at java.base/java.util.stream.ReferencePipeline.forEachWithCancel(ReferencePipeline.java:127)
at java.base/java.util.stream.AbstractPipeline.copyIntoWithCancel(AbstractPipeline.java:502)
at java.base/java.util.stream.AbstractPipeline.copyInto(AbstractPipeline.java:488)
at java.base/java.util.stream.AbstractPipeline.wrapAndCopyInto(AbstractPipeline.java:474)
at java.base/java.util.stream.FindOps$FindOp.evaluateSequential(FindOps.java:150)
at java.base/java.util.stream.AbstractPipeline.evaluate(AbstractPipeline.java:234)
at java.base/java.util.stream.ReferencePipeline.findFirst(ReferencePipeline.java:543)
at org.openqa.selenium.remote.ProtocolHandshake.createSession(ProtocolHandshake.java:128)
at org.openqa.selenium.remote.ProtocolHandshake.createSession(ProtocolHandshake.java:74)
at org.openqa.selenium.remote.HttpCommandExecutor.execute(HttpCommandExecutor.java:136)
at org.openqa.selenium.remote.service.DriverCommandExecutor.execute(DriverCommandExecutor.java:83)
at org.openqa.selenium.remote.RemoteWebDriver.execute(RemoteWebDriver.java:552)
at org.openqa.selenium.remote.RemoteWebDriver.startSession(RemoteWebDriver.java:213)
at org.openqa.selenium.remote.RemoteWebDriver.<init>(RemoteWebDriver.java:131)
at org.openqa.selenium.edge.EdgeDriver.<init>(EdgeDriver.java:141)
at org.openqa.selenium.edge.EdgeDriver.<init>(EdgeDriver.java:96)
at com.DemoFramework.Utility.BaseClass.LaunchBrowser(BaseClass.java:37)
at java.base/java.util.ArrayList.forEach(ArrayList.java:1511)
... Removed 36 stack frames]]>
    </failure>
  </testcase> <!-- @BeforeMethod LaunchBrowser -->
  <testcase classname="com.DemoFramework.Utility.BaseClass" name="@AfterMethod closeBrowser" time="-1.624771020791E9">
    <skipped/>
  </testcase> <!-- @AfterMethod closeBrowser -->
  <testcase classname="com.DemoFramework.Test.LoginTest" name="verifyLoginTestTC_001" time="0.0">
    <skipped/>
  </testcase> <!-- verifyLoginTestTC_001 -->
</testsuite> <!-- TestEdge -->
