<?xml version="1.0" encoding="UTF-8"?>
<testng-results skipped="0" failed="1" ignored="0" total="1" passed="0">
  <reporter-output>
  </reporter-output>
  <suite name="Suite" duration-ms="15847" started-at="2021-06-27T15:10:34 IST" finished-at="2021-06-27T15:10:49 IST">
    <groups>
    </groups>
    <test name="TestChrome" duration-ms="15847" started-at="2021-06-27T15:10:34 IST" finished-at="2021-06-27T15:10:49 IST">
      <class name="com.DemoFramework.Test.LoginTest">
        <test-method status="PASS" signature="Setup()[pri:0, instance:com.DemoFramework.Test.LoginTest@5b0abc94]" name="Setup" is-config="true" duration-ms="27" started-at="2021-06-27T15:10:33 IST" finished-at="2021-06-27T15:10:33 IST">
          <reporter-output>
          </reporter-output>
        </test-method> <!-- Setup -->
        <test-method status="PASS" signature="LaunchBrowser(java.lang.String,java.lang.String)[pri:0, instance:com.DemoFramework.Test.LoginTest@5b0abc94]" name="LaunchBrowser" is-config="true" duration-ms="12693" started-at="2021-06-27T15:10:34 IST" finished-at="2021-06-27T15:10:46 IST">
          <params>
            <param index="0">
              <value>
                <![CDATA[Chrome]]>
              </value>
            </param>
            <param index="1">
              <value>
                <![CDATA[https://touch.facebook.com]]>
              </value>
            </param>
          </params>
          <reporter-output>
          </reporter-output>
        </test-method> <!-- LaunchBrowser -->
        <test-method status="FAIL" signature="verifyLoginTestTC_001()[pri:0, instance:com.DemoFramework.Test.LoginTest@5b0abc94]" name="verifyLoginTestTC_001" duration-ms="1639" started-at="2021-06-27T15:10:46 IST" finished-at="2021-06-27T15:10:48 IST">
          <exception class="java.lang.AssertionError">
            <message>
              <![CDATA[expected [nmcmcmc] but found [Facebook - लॉग इन किंवा साइन अप]]]>
            </message>
            <full-stacktrace>
              <![CDATA[java.lang.AssertionError: expected [nmcmcmc] but found [Facebook - लॉग इन किंवा साइन अप]
at org.testng.Assert.fail(Assert.java:99)
at org.testng.Assert.failNotEquals(Assert.java:1037)
at org.testng.Assert.assertEqualsImpl(Assert.java:140)
at org.testng.Assert.assertEquals(Assert.java:122)
at org.testng.Assert.assertEquals(Assert.java:629)
at org.testng.Assert.assertEquals(Assert.java:639)
at com.DemoFramework.Test.LoginTest.verifyLoginTestTC_001(LoginTest.java:36)
at sun.reflect.NativeMethodAccessorImpl.invoke0(Native Method)
at sun.reflect.NativeMethodAccessorImpl.invoke(Unknown Source)
at sun.reflect.DelegatingMethodAccessorImpl.invoke(Unknown Source)
at java.lang.reflect.Method.invoke(Unknown Source)
at org.testng.internal.MethodInvocationHelper.invokeMethod(MethodInvocationHelper.java:133)
at org.testng.internal.TestInvoker.invokeMethod(TestInvoker.java:598)
at org.testng.internal.TestInvoker.invokeTestMethod(TestInvoker.java:173)
at org.testng.internal.MethodRunner.runInSequence(MethodRunner.java:46)
at org.testng.internal.TestInvoker$MethodInvocationAgent.invoke(TestInvoker.java:824)
at org.testng.internal.TestInvoker.invokeTestMethods(TestInvoker.java:146)
at org.testng.internal.TestMethodWorker.invokeTestMethods(TestMethodWorker.java:146)
at org.testng.internal.TestMethodWorker.run(TestMethodWorker.java:128)
at java.util.ArrayList.forEach(Unknown Source)
at org.testng.TestRunner.privateRun(TestRunner.java:794)
at org.testng.TestRunner.run(TestRunner.java:596)
at org.testng.SuiteRunner.runTest(SuiteRunner.java:377)
at org.testng.SuiteRunner.runSequentially(SuiteRunner.java:371)
at org.testng.SuiteRunner.privateRun(SuiteRunner.java:332)
at org.testng.SuiteRunner.run(SuiteRunner.java:276)
at org.testng.SuiteRunnerWorker.runSuite(SuiteRunnerWorker.java:53)
at org.testng.SuiteRunnerWorker.run(SuiteRunnerWorker.java:96)
at org.testng.TestNG.runSuitesSequentially(TestNG.java:1212)
at org.testng.TestNG.runSuitesLocally(TestNG.java:1134)
at org.testng.TestNG.runSuites(TestNG.java:1063)
at org.testng.TestNG.run(TestNG.java:1031)
at org.testng.remote.AbstractRemoteTestNG.run(AbstractRemoteTestNG.java:115)
at org.testng.remote.RemoteTestNG.initAndRun(RemoteTestNG.java:251)
at org.testng.remote.RemoteTestNG.main(RemoteTestNG.java:77)
]]>
            </full-stacktrace>
          </exception> <!-- java.lang.AssertionError -->
          <reporter-output>
          </reporter-output>
        </test-method> <!-- verifyLoginTestTC_001 -->
        <test-method status="PASS" signature="closeBrowser()[pri:0, instance:com.DemoFramework.Test.LoginTest@5b0abc94]" name="closeBrowser" is-config="true" duration-ms="1082" started-at="2021-06-27T15:10:48 IST" finished-at="2021-06-27T15:10:49 IST">
          <reporter-output>
          </reporter-output>
        </test-method> <!-- closeBrowser -->
      </class> <!-- com.DemoFramework.Test.LoginTest -->
    </test> <!-- TestChrome -->
  </suite> <!-- Suite -->
</testng-results>
